<?xml version="1.0" encoding="UTF-8"?>
<!-- Generated by org.testng.reporters.JUnitReportReporter -->
<testsuite skipped="0" hostname="LAPTOP-SB048Q3R" name="ParkingLot" tests="1" failures="0" timestamp="10 Jan 2019 03:20:10 GMT" time="16.325" errors="0">
  <testcase name="parkCalc" time="16.325" classname="ParkingLot"/>
</testsuite> <!-- ParkingLot -->
